Mon May  1 15:36:30 CEST 2017
CONDOR DIR: /pool/condor/dir_1502445
INPUT FILE:  /cms/store/user/rverma/multicrab_29April17/MuMC_20170429/TTJets_MuMC_20170429/TTJets_TuneCUETP8M1_13TeV-madgraphMLM-pythia8/TTJets_MuMC_20170429/170429_110042/0000/TTJets_MuMC_20170429_Ntuple_6.root
libraries loaded
 Lumi/Pileup Reweighting: Computed Weights per In-Time Nint 
///// Begin processing base  selection ///////
 nEntries 758090
Input file : root://se01.indiacms.res.in:1094//cms/store/user/rverma/multicrab_29April17/MuMC_20170429/TTJets_MuMC_20170429/TTJets_TuneCUETP8M1_13TeV-madgraphMLM-pythia8/TTJets_MuMC_20170429/170429_110042/0000/TTJets_MuMC_20170429_Ntuple_6.root
[01;32mEvent number = [00m0
input count: 10
input count: 20
[01;32mEvent number = [00m1000
input count: 30
input count: 40
input count: 50
[01;32mEvent number = [00m2000
input count: 60
input count: 70
input count: 80
input count: 90
[01;32mEvent number = [00m3000
input count: 100
input count: 110
[01;32mEvent number = [00m4000
input count: 120
input count: 130
input count: 140
[01;32mEvent number = [00m5000
input count: 150
input count: 160
input count: 170
input count: 180
[01;32mEvent number = [00m6000
input count: 190
input count: 200
input count: 210
[01;32mEvent number = [00m7000
input count: 220
input count: 230
input count: 240
input count: 250
[01;32mEvent number = [00m8000
input count: 260
input count: 270
input count: 280
input count: 290
[01;32mEvent number = [00m9000
input count: 300
input count: 310
input count: 320
[01;32mEvent number = [00m10000
input count: 330
input count: 340
input count: 350
[01;32mEvent number = [00m11000
input count: 360
input count: 370
input count: 380
[01;32mEvent number = [00m12000
input count: 390
input count: 400
input count: 410
[01;32mEvent number = [00m13000
input count: 420
input count: 430
input count: 440
[01;32mEvent number = [00m14000
input count: 450
input count: 460
input count: 470
[01;32mEvent number = [00m15000
input count: 480
input count: 490
input count: 500
[01;32mEvent number = [00m16000
input count: 510
input count: 520
input count: 530
[01;32mEvent number = [00m17000
input count: 540
input count: 550
input count: 560
[01;32mEvent number = [00m18000
input count: 570
input count: 580
input count: 590
[01;32mEvent number = [00m19000
input count: 600
input count: 610
input count: 620
[01;32mEvent number = [00m20000
input count: 630
input count: 640
input count: 650
[01;32mEvent number = [00m21000
input count: 660
input count: 670
input count: 680
input count: 690
[01;32mEvent number = [00m22000
input count: 700
input count: 710
input count: 720
input count: 730
[01;32mEvent number = [00m23000
input count: 740
input count: 750
input count: 760
[01;32mEvent number = [00m24000
input count: 770
input count: 780
input count: 790
[01;32mEvent number = [00m25000
input count: 800
input count: 810
input count: 820
input count: 830
[01;32mEvent number = [00m26000
input count: 840
input count: 850
input count: 860
input count: 870
[01;32mEvent number = [00m27000
input count: 880
input count: 890
[01;32mEvent number = [00m28000
input count: 900
input count: 910
[01;32mEvent number = [00m29000
input count: 920
input count: 930
input count: 940
[01;32mEvent number = [00m30000
input count: 950
input count: 960
input count: 970
input count: 980
[01;32mEvent number = [00m31000
input count: 990
input count: 1000
input count: 1010
[01;32mEvent number = [00m32000
input count: 1020
input count: 1030
input count: 1040
[01;32mEvent number = [00m33000
input count: 1050
input count: 1060
input count: 1070
input count: 1080
[01;32mEvent number = [00m34000
input count: 1090
input count: 1100
[01;32mEvent number = [00m35000
input count: 1110
input count: 1120
input count: 1130
input count: 1140
[01;32mEvent number = [00m36000
input count: 1150
input count: 1160
input count: 1170
input count: 1180
[01;32mEvent number = [00m37000
input count: 1190
input count: 1200
input count: 1210
[01;32mEvent number = [00m38000
input count: 1220
input count: 1230
input count: 1240
[01;32mEvent number = [00m39000
input count: 1250
input count: 1260
input count: 1270
input count: 1280
[01;32mEvent number = [00m40000
input count: 1290
input count: 1300
input count: 1310
[01;32mEvent number = [00m41000
input count: 1320
input count: 1330
input count: 1340
[01;32mEvent number = [00m42000
input count: 1350
input count: 1360
input count: 1370
[01;32mEvent number = [00m43000
input count: 1380
input count: 1390
input count: 1400
[01;32mEvent number = [00m44000
input count: 1410
input count: 1420
input count: 1430
input count: 1440
[01;32mEvent number = [00m45000
input count: 1450
input count: 1460
input count: 1470
[01;32mEvent number = [00m46000
input count: 1480
input count: 1490
input count: 1500
[01;32mEvent number = [00m47000
input count: 1510
input count: 1520
[01;32mEvent number = [00m48000
input count: 1530
input count: 1540
input count: 1550
input count: 1560
[01;32mEvent number = [00m49000
input count: 1570
input count: 1580
input count: 1590
input count: 1600
[01;32mEvent number = [00m50000
input count: 1610
input count: 1620
input count: 1630
[01;32mEvent number = [00m51000
input count: 1640
input count: 1650
input count: 1660
input count: 1670
[01;32mEvent number = [00m52000
input count: 1680
input count: 1690
input count: 1700
input count: 1710
[01;32mEvent number = [00m53000
input count: 1720
input count: 1730
input count: 1740
[01;32mEvent number = [00m54000
input count: 1750
input count: 1760
input count: 1770
input count: 1780
[01;32mEvent number = [00m55000
input count: 1790
input count: 1800
input count: 1810
input count: 1820
[01;32mEvent number = [00m56000
input count: 1830
input count: 1840
[01;32mEvent number = [00m57000
input count: 1850
input count: 1860
input count: 1870
[01;32mEvent number = [00m58000
input count: 1880
input count: 1890
input count: 1900
input count: 1910
[01;32mEvent number = [00m59000
input count: 1920
input count: 1930
input count: 1940
[01;32mEvent number = [00m60000
input count: 1950
input count: 1960
input count: 1970
input count: 1980
[01;32mEvent number = [00m61000
input count: 1990
input count: 2000
input count: 2010
[01;32mEvent number = [00m62000
input count: 2020
input count: 2030
input count: 2040
input count: 2050
[01;32mEvent number = [00m63000
input count: 2060
input count: 2070
input count: 2080
[01;32mEvent number = [00m64000
input count: 2090
input count: 2100
input count: 2110
[01;32mEvent number = [00m65000
input count: 2120
input count: 2130
input count: 2140
[01;32mEvent number = [00m66000
input count: 2150
input count: 2160
input count: 2170
[01;32mEvent number = [00m67000
input count: 2180
input count: 2190
input count: 2200
input count: 2210
[01;32mEvent number = [00m68000
input count: 2220
input count: 2230
input count: 2240
[01;32mEvent number = [00m69000
input count: 2250
input count: 2260
input count: 2270
[01;32mEvent number = [00m70000
input count: 2280
input count: 2290
input count: 2300
input count: 2310
[01;32mEvent number = [00m71000
input count: 2320
input count: 2330
input count: 2340
[01;32mEvent number = [00m72000
input count: 2350
input count: 2360
input count: 2370
input count: 2380
[01;32mEvent number = [00m73000
input count: 2390
input count: 2400
input count: 2410
[01;32mEvent number = [00m74000
input count: 2420
input count: 2430
input count: 2440
[01;32mEvent number = [00m75000
input count: 2450
input count: 2460
input count: 2470
input count: 2480
[01;32mEvent number = [00m76000
input count: 2490
input count: 2500
input count: 2510
[01;32mEvent number = [00m77000
input count: 2520
input count: 2530
input count: 2540
input count: 2550
[01;32mEvent number = [00m78000
input count: 2560
input count: 2570
input count: 2580
input count: 2590
[01;32mEvent number = [00m79000
input count: 2600
input count: 2610
input count: 2620
[01;32mEvent number = [00m80000
input count: 2630
input count: 2640
input count: 2650
[01;32mEvent number = [00m81000
input count: 2660
input count: 2670
input count: 2680
input count: 2690
[01;32mEvent number = [00m82000
input count: 2700
input count: 2710
input count: 2720
input count: 2730
[01;32mEvent number = [00m83000
input count: 2740
input count: 2750
input count: 2760
input count: 2770
[01;32mEvent number = [00m84000
input count: 2780
input count: 2790
input count: 2800
input count: 2810
[01;32mEvent number = [00m85000
input count: 2820
input count: 2830
[01;32mEvent number = [00m86000
input count: 2840
input count: 2850
input count: 2860
[01;32mEvent number = [00m87000
input count: 2870
input count: 2880
input count: 2890
[01;32mEvent number = [00m88000
input count: 2900
input count: 2910
input count: 2920
[01;32mEvent number = [00m89000
input count: 2930
input count: 2940
input count: 2950
[01;32mEvent number = [00m90000
input count: 2960
input count: 2970
input count: 2980
[01;32mEvent number = [00m91000
input count: 2990
input count: 3000
input count: 3010
[01;32mEvent number = [00m92000
input count: 3020
input count: 3030
input count: 3040
[01;32mEvent number = [00m93000
input count: 3050
input count: 3060
input count: 3070
input count: 3080
[01;32mEvent number = [00m94000
input count: 3090
input count: 3100
input count: 3110
[01;32mEvent number = [00m95000
input count: 3120
input count: 3130
input count: 3140
[01;32mEvent number = [00m96000
input count: 3150
input count: 3160
[01;32mEvent number = [00m97000
input count: 3170
input count: 3180
input count: 3190
[01;32mEvent number = [00m98000
input count: 3200
input count: 3210
input count: 3220
[01;32mEvent number = [00m99000
input count: 3230
input count: 3240
input count: 3250
[01;32mEvent number = [00m100000
input count: 3260
input count: 3270
[01;32mEvent number = [00m101000
input count: 3280
input count: 3290
input count: 3300
[01;32mEvent number = [00m102000
input count: 3310
input count: 3320
input count: 3330
[01;32mEvent number = [00m103000
input count: 3340
input count: 3350
input count: 3360
input count: 3370
[01;32mEvent number = [00m104000
input count: 3380
input count: 3390
input count: 3400
[01;32mEvent number = [00m105000
input count: 3410
input count: 3420
[01;32mEvent number = [00m106000
input count: 3430
input count: 3440
[01;32mEvent number = [00m107000
input count: 3450
input count: 3460
input count: 3470
[01;32mEvent number = [00m108000
input count: 3480
input count: 3490
input count: 3500
[01;32mEvent number = [00m109000
input count: 3510
input count: 3520
input count: 3530
[01;32mEvent number = [00m110000
input count: 3540
input count: 3550
[01;32mEvent number = [00m111000
input count: 3560
input count: 3570
input count: 3580
[01;32mEvent number = [00m112000
input count: 3590
input count: 3600
input count: 3610
input count: 3620
[01;32mEvent number = [00m113000
input count: 3630
input count: 3640
input count: 3650
[01;32mEvent number = [00m114000
input count: 3660
input count: 3670
input count: 3680
input count: 3690
[01;32mEvent number = [00m115000
input count: 3700
input count: 3710
input count: 3720
[01;32mEvent number = [00m116000
input count: 3730
input count: 3740
input count: 3750
input count: 3760
[01;32mEvent number = [00m117000
input count: 3770
input count: 3780
input count: 3790
input count: 3800
[01;32mEvent number = [00m118000
input count: 3810
input count: 3820
input count: 3830
input count: 3840
[01;32mEvent number = [00m119000
input count: 3850
input count: 3860
input count: 3870
[01;32mEvent number = [00m120000
input count: 3880
input count: 3890
input count: 3900
input count: 3910
[01;32mEvent number = [00m121000
input count: 3920
input count: 3930
input count: 3940
input count: 3950
[01;32mEvent number = [00m122000
input count: 3960
input count: 3970
input count: 3980
input count: 3990
[01;32mEvent number = [00m123000
input count: 4000
input count: 4010
input count: 4020
[01;32mEvent number = [00m124000
input count: 4030
input count: 4040
input count: 4050
input count: 4060
[01;32mEvent number = [00m125000
input count: 4070
input count: 4080
input count: 4090
input count: 4100
[01;32mEvent number = [00m126000
input count: 4110
input count: 4120
input count: 4130
[01;32mEvent number = [00m127000
input count: 4140
input count: 4150
input count: 4160
[01;32mEvent number = [00m128000
input count: 4170
input count: 4180
input count: 4190
[01;32mEvent number = [00m129000
input count: 4200
input count: 4210
input count: 4220
input count: 4230
[01;32mEvent number = [00m130000
input count: 4240
input count: 4250
[01;32mEvent number = [00m131000
input count: 4260
input count: 4270
input count: 4280
input count: 4290
[01;32mEvent number = [00m132000
input count: 4300
input count: 4310
input count: 4320
[01;32mEvent number = [00m133000
input count: 4330
input count: 4340
[01;32mEvent number = [00m134000
input count: 4350
input count: 4360
input count: 4370
[01;32mEvent number = [00m135000
input count: 4380
input count: 4390
input count: 4400
[01;32mEvent number = [00m136000
input count: 4410
input count: 4420
input count: 4430
[01;32mEvent number = [00m137000
input count: 4440
input count: 4450
input count: 4460
[01;32mEvent number = [00m138000
input count: 4470
input count: 4480
input count: 4490
[01;32mEvent number = [00m139000
input count: 4500
input count: 4510
input count: 4520
[01;32mEvent number = [00m140000
input count: 4530
input count: 4540
input count: 4550
input count: 4560
[01;32mEvent number = [00m141000
input count: 4570
input count: 4580
[01;32mEvent number = [00m142000
input count: 4590
input count: 4600
input count: 4610
input count: 4620
[01;32mEvent number = [00m143000
input count: 4630
input count: 4640
input count: 4650
[01;32mEvent number = [00m144000
input count: 4660
input count: 4670
input count: 4680
input count: 4690
[01;32mEvent number = [00m145000
input count: 4700
input count: 4710
input count: 4720
[01;32mEvent number = [00m146000
input count: 4730
input count: 4740
input count: 4750
input count: 4760
[01;32mEvent number = [00m147000
input count: 4770
input count: 4780
input count: 4790
[01;32mEvent number = [00m148000
input count: 4800
input count: 4810
input count: 4820
input count: 4830
[01;32mEvent number = [00m149000
input count: 4840
input count: 4850
input count: 4860
input count: 4870
[01;32mEvent number = [00m150000
input count: 4880
input count: 4890
input count: 4900
[01;32mEvent number = [00m151000
input count: 4910
input count: 4920
input count: 4930
[01;32mEvent number = [00m152000
input count: 4940
input count: 4950
input count: 4960
input count: 4970
[01;32mEvent number = [00m153000
input count: 4980
input count: 4990
input count: 5000
[01;32mEvent number = [00m154000
input count: 5010
input count: 5020
input count: 5030
[01;32mEvent number = [00m155000
input count: 5040
input count: 5050
input count: 5060
[01;32mEvent number = [00m156000
input count: 5070
input count: 5080
input count: 5090
[01;32mEvent number = [00m157000
input count: 5100
input count: 5110
input count: 5120
[01;32mEvent number = [00m158000
input count: 5130
input count: 5140
input count: 5150
input count: 5160
[01;32mEvent number = [00m159000
input count: 5170
input count: 5180
input count: 5190
input count: 5200
[01;32mEvent number = [00m160000
input count: 5210
input count: 5220
input count: 5230
input count: 5240
[01;32mEvent number = [00m161000
input count: 5250
input count: 5260
input count: 5270
[01;32mEvent number = [00m162000
input count: 5280
input count: 5290
[01;32mEvent number = [00m163000
input count: 5300
input count: 5310
input count: 5320
[01;32mEvent number = [00m164000
input count: 5330
input count: 5340
input count: 5350
[01;32mEvent number = [00m165000
input count: 5360
input count: 5370
input count: 5380
input count: 5390
[01;32mEvent number = [00m166000
input count: 5400
input count: 5410
[01;32mEvent number = [00m167000
input count: 5420
input count: 5430
input count: 5440
[01;32mEvent number = [00m168000
input count: 5450
input count: 5460
input count: 5470
[01;32mEvent number = [00m169000
input count: 5480
input count: 5490
input count: 5500
input count: 5510
[01;32mEvent number = [00m170000
input count: 5520
input count: 5530
[01;32mEvent number = [00m171000
input count: 5540
input count: 5550
input count: 5560
input count: 5570
[01;32mEvent number = [00m172000
input count: 5580
input count: 5590
input count: 5600
[01;32mEvent number = [00m173000
input count: 5610
input count: 5620
input count: 5630
input count: 5640
[01;32mEvent number = [00m174000
input count: 5650
input count: 5660
input count: 5670
[01;32mEvent number = [00m175000
input count: 5680
input count: 5690
input count: 5700
[01;32mEvent number = [00m176000
input count: 5710
input count: 5720
input count: 5730
input count: 5740
[01;32mEvent number = [00m177000
input count: 5750
input count: 5760
input count: 5770
[01;32mEvent number = [00m178000
input count: 5780
input count: 5790
input count: 5800
[01;32mEvent number = [00m179000
input count: 5810
input count: 5820
input count: 5830
input count: 5840
[01;32mEvent number = [00m180000
input count: 5850
input count: 5860
input count: 5870
[01;32mEvent number = [00m181000
input count: 5880
input count: 5890
input count: 5900
[01;32mEvent number = [00m182000
input count: 5910
[01;32mEvent number = [00m183000
input count: 5920
input count: 5930
input count: 5940
input count: 5950
[01;32mEvent number = [00m184000
input count: 5960
input count: 5970
input count: 5980
[01;32mEvent number = [00m185000
input count: 5990
input count: 6000
input count: 6010
[01;32mEvent number = [00m186000
input count: 6020
input count: 6030
input count: 6040
input count: 6050
[01;32mEvent number = [00m187000
input count: 6060
input count: 6070
input count: 6080
[01;32mEvent number = [00m188000
input count: 6090
input count: 6100
input count: 6110
[01;32mEvent number = [00m189000
input count: 6120
input count: 6130
input count: 6140
[01;32mEvent number = [00m190000
input count: 6150
input count: 6160
input count: 6170
input count: 6180
[01;32mEvent number = [00m191000
input count: 6190
input count: 6200
input count: 6210
[01;32mEvent number = [00m192000
input count: 6220
input count: 6230
input count: 6240
input count: 6250
[01;32mEvent number = [00m193000
input count: 6260
input count: 6270
input count: 6280
[01;32mEvent number = [00m194000
input count: 6290
input count: 6300
input count: 6310
[01;32mEvent number = [00m195000
input count: 6320
input count: 6330
input count: 6340
input count: 6350
[01;32mEvent number = [00m196000
input count: 6360
input count: 6370
input count: 6380
[01;32mEvent number = [00m197000
input count: 6390
input count: 6400
input count: 6410
[01;32mEvent number = [00m198000
input count: 6420
input count: 6430
input count: 6440
[01;32mEvent number = [00m199000
input count: 6450
input count: 6460
input count: 6470
[01;32mEvent number = [00m200000
input count: 6480
input count: 6490
input count: 6500
[01;32mEvent number = [00m201000
input count: 6510
input count: 6520
input count: 6530
input count: 6540
[01;32mEvent number = [00m202000
input count: 6550
input count: 6560
input count: 6570
[01;32mEvent number = [00m203000
input count: 6580
input count: 6590
input count: 6600
[01;32mEvent number = [00m204000
input count: 6610
input count: 6620
input count: 6630
input count: 6640
input count: 6650
[01;32mEvent number = [00m205000
input count: 6660
input count: 6670
input count: 6680
input count: 6690
[01;32mEvent number = [00m206000
input count: 6700
input count: 6710
input count: 6720
[01;32mEvent number = [00m207000
input count: 6730
input count: 6740
input count: 6750
[01;32mEvent number = [00m208000
input count: 6760
input count: 6770
input count: 6780
[01;32mEvent number = [00m209000
input count: 6790
input count: 6800
input count: 6810
input count: 6820
[01;32mEvent number = [00m210000
input count: 6830
input count: 6840
input count: 6850
[01;32mEvent number = [00m211000
input count: 6860
input count: 6870
[01;32mEvent number = [00m212000
input count: 6880
input count: 6890
input count: 6900
[01;32mEvent number = [00m213000
input count: 6910
input count: 6920
input count: 6930
[01;32mEvent number = [00m214000
input count: 6940
input count: 6950
input count: 6960
[01;32mEvent number = [00m215000
input count: 6970
input count: 6980
input count: 6990
input count: 7000
input count: 7010
[01;32mEvent number = [00m216000
input count: 7020
input count: 7030
input count: 7040
[01;32mEvent number = [00m217000
input count: 7050
input count: 7060
input count: 7070
[01;32mEvent number = [00m218000
input count: 7080
input count: 7090
input count: 7100
[01;32mEvent number = [00m219000
input count: 7110
input count: 7120
input count: 7130
input count: 7140
[01;32mEvent number = [00m220000
input count: 7150
input count: 7160
input count: 7170
[01;32mEvent number = [00m221000
input count: 7180
input count: 7190
input count: 7200
[01;32mEvent number = [00m222000
input count: 7210
input count: 7220
input count: 7230
[01;32mEvent number = [00m223000
input count: 7240
input count: 7250
input count: 7260
[01;32mEvent number = [00m224000
input count: 7270
input count: 7280
input count: 7290
[01;32mEvent number = [00m225000
input count: 7300
input count: 7310
input count: 7320
input count: 7330
[01;32mEvent number = [00m226000
input count: 7340
input count: 7350
input count: 7360
[01;32mEvent number = [00m227000
input count: 7370
input count: 7380
input count: 7390
[01;32mEvent number = [00m228000
input count: 7400
input count: 7410
input count: 7420
[01;32mEvent number = [00m229000
input count: 7430
input count: 7440
input count: 7450
input count: 7460
[01;32mEvent number = [00m230000
input count: 7470
input count: 7480
input count: 7490
[01;32mEvent number = [00m231000
input count: 7500
input count: 7510
input count: 7520
[01;32mEvent number = [00m232000
input count: 7530
input count: 7540
input count: 7550
input count: 7560
[01;32mEvent number = [00m233000
input count: 7570
input count: 7580
input count: 7590
[01;32mEvent number = [00m234000
input count: 7600
input count: 7610
input count: 7620
[01;32mEvent number = [00m235000
input count: 7630
input count: 7640
input count: 7650
[01;32mEvent number = [00m236000
input count: 7660
input count: 7670
input count: 7680
[01;32mEvent number = [00m237000
input count: 7690
input count: 7700
input count: 7710
input count: 7720
[01;32mEvent number = [00m238000
input count: 7730
input count: 7740
input count: 7750
[01;32mEvent number = [00m239000
input count: 7760
input count: 7770
input count: 7780
input count: 7790
[01;32mEvent number = [00m240000
input count: 7800
input count: 7810
input count: 7820
[01;32mEvent number = [00m241000
input count: 7830
input count: 7840
input count: 7850
[01;32mEvent number = [00m242000
input count: 7860
input count: 7870
input count: 7880
[01;32mEvent number = [00m243000
input count: 7890
input count: 7900
input count: 7910
input count: 7920
[01;32mEvent number = [00m244000
input count: 7930
input count: 7940
input count: 7950
[01;32mEvent number = [00m245000
input count: 7960
input count: 7970
input count: 7980
[01;32mEvent number = [00m246000
input count: 7990
input count: 8000
input count: 8010
input count: 8020
[01;32mEvent number = [00m247000
input count: 8030
input count: 8040
input count: 8050
input count: 8060
[01;32mEvent number = [00m248000
input count: 8070
input count: 8080
[01;32mEvent number = [00m249000
input count: 8090
input count: 8100
input count: 8110
[01;32mEvent number = [00m250000
input count: 8120
input count: 8130
input count: 8140
input count: 8150
[01;32mEvent number = [00m251000
input count: 8160
input count: 8170
input count: 8180
input count: 8190
[01;32mEvent number = [00m252000
input count: 8200
input count: 8210
input count: 8220
input count: 8230
[01;32mEvent number = [00m253000
input count: 8240
input count: 8250
input count: 8260
[01;32mEvent number = [00m254000
input count: 8270
input count: 8280
input count: 8290
input count: 8300
[01;32mEvent number = [00m255000
input count: 8310
input count: 8320
input count: 8330
input count: 8340
[01;32mEvent number = [00m256000
input count: 8350
input count: 8360
input count: 8370
[01;32mEvent number = [00m257000
input count: 8380
input count: 8390
input count: 8400
input count: 8410
[01;32mEvent number = [00m258000
input count: 8420
input count: 8430
input count: 8440
[01;32mEvent number = [00m259000
input count: 8450
input count: 8460
input count: 8470
[01;32mEvent number = [00m260000
input count: 8480
input count: 8490
input count: 8500
[01;32mEvent number = [00m261000
input count: 8510
input count: 8520
input count: 8530
[01;32mEvent number = [00m262000
input count: 8540
input count: 8550
input count: 8560
[01;32mEvent number = [00m263000
input count: 8570
input count: 8580
[01;32mEvent number = [00m264000
input count: 8590
input count: 8600
input count: 8610
[01;32mEvent number = [00m265000
input count: 8620
input count: 8630
input count: 8640
[01;32mEvent number = [00m266000
input count: 8650
input count: 8660
input count: 8670
[01;32mEvent number = [00m267000
input count: 8680
input count: 8690
input count: 8700
[01;32mEvent number = [00m268000
input count: 8710
input count: 8720
input count: 8730
[01;32mEvent number = [00m269000
input count: 8740
input count: 8750
input count: 8760
[01;32mEvent number = [00m270000
input count: 8770
input count: 8780
input count: 8790
input count: 8800
[01;32mEvent number = [00m271000
input count: 8810
input count: 8820
input count: 8830
[01;32mEvent number = [00m272000
input count: 8840
input count: 8850
input count: 8860
input count: 8870
[01;32mEvent number = [00m273000
input count: 8880
input count: 8890
input count: 8900
[01;32mEvent number = [00m274000
input count: 8910
input count: 8920
[01;32mEvent number = [00m275000
input count: 8930
input count: 8940
input count: 8950
[01;32mEvent number = [00m276000
input count: 8960
input count: 8970
[01;32mEvent number = [00m277000
input count: 8980
input count: 8990
input count: 9000
input count: 9010
[01;32mEvent number = [00m278000
input count: 9020
input count: 9030
input count: 9040
input count: 9050
[01;32mEvent number = [00m279000
input count: 9060
input count: 9070
input count: 9080
input count: 9090
[01;32mEvent number = [00m280000
input count: 9100
input count: 9110
input count: 9120
input count: 9130
[01;32mEvent number = [00m281000
input count: 9140
input count: 9150
input count: 9160
input count: 9170
[01;32mEvent number = [00m282000
input count: 9180
input count: 9190
input count: 9200
[01;32mEvent number = [00m283000
input count: 9210
input count: 9220
input count: 9230
input count: 9240
[01;32mEvent number = [00m284000
input count: 9250
input count: 9260
input count: 9270
[01;32mEvent number = [00m285000
input count: 9280
input count: 9290
input count: 9300
input count: 9310
[01;32mEvent number = [00m286000
input count: 9320
input count: 9330
input count: 9340
[01;32mEvent number = [00m287000
input count: 9350
input count: 9360
input count: 9370
input count: 9380
input count: 9390
[01;32mEvent number = [00m288000
input count: 9400
input count: 9410
input count: 9420
[01;32mEvent number = [00m289000
input count: 9430
input count: 9440
[01;32mEvent number = [00m290000
input count: 9450
input count: 9460
[01;32mEvent number = [00m291000
input count: 9470
input count: 9480
input count: 9490
[01;32mEvent number = [00m292000
input count: 9500
input count: 9510
input count: 9520
[01;32mEvent number = [00m293000
input count: 9530
input count: 9540
input count: 9550
[01;32mEvent number = [00m294000
input count: 9560
input count: 9570
input count: 9580
input count: 9590
[01;32mEvent number = [00m295000
input count: 9600
input count: 9610
input count: 9620
[01;32mEvent number = [00m296000
input count: 9630
input count: 9640
input count: 9650
[01;32mEvent number = [00m297000
input count: 9660
input count: 9670
input count: 9680
[01;32mEvent number = [00m298000
input count: 9690
input count: 9700
input count: 9710
[01;32mEvent number = [00m299000
input count: 9720
input count: 9730
input count: 9740
[01;32mEvent number = [00m300000
input count: 9750
input count: 9760
input count: 9770
input count: 9780
input count: 9790
[01;32mEvent number = [00m301000
input count: 9800
input count: 9810
input count: 9820
[01;32mEvent number = [00m302000
input count: 9830
input count: 9840
[01;32mEvent number = [00m303000
input count: 9850
input count: 9860
input count: 9870
[01;32mEvent number = [00m304000
input count: 9880
input count: 9890
[01;32mEvent number = [00m305000
input count: 9900
input count: 9910
input count: 9920
[01;32mEvent number = [00m306000
input count: 9930
input count: 9940
input count: 9950
input count: 9960
[01;32mEvent number = [00m307000
input count: 9970
input count: 9980
input count: 9990
[01;32mEvent number = [00m308000
input count: 10000
input count: 10010
input count: 10020
input count: 10030
[01;32mEvent number = [00m309000
input count: 10040
input count: 10050
input count: 10060
input count: 10070
[01;32mEvent number = [00m310000
input count: 10080
input count: 10090
input count: 10100
[01;32mEvent number = [00m311000
input count: 10110
input count: 10120
input count: 10130
[01;32mEvent number = [00m312000
input count: 10140
input count: 10150
input count: 10160
[01;32mEvent number = [00m313000
input count: 10170
input count: 10180
[01;32mEvent number = [00m314000
input count: 10190
input count: 10200
input count: 10210
input count: 10220
[01;32mEvent number = [00m315000
input count: 10230
input count: 10240
input count: 10250
[01;32mEvent number = [00m316000
input count: 10260
input count: 10270
input count: 10280
input count: 10290
[01;32mEvent number = [00m317000
input count: 10300
input count: 10310
input count: 10320
[01;32mEvent number = [00m318000
input count: 10330
input count: 10340
input count: 10350
input count: 10360
[01;32mEvent number = [00m319000
input count: 10370
input count: 10380
[01;32mEvent number = [00m320000
input count: 10390
input count: 10400
input count: 10410
[01;32mEvent number = [00m321000
input count: 10420
input count: 10430
input count: 10440
[01;32mEvent number = [00m322000
input count: 10450
input count: 10460
input count: 10470
input count: 10480
[01;32mEvent number = [00m323000
input count: 10490
input count: 10500
[01;32mEvent number = [00m324000
input count: 10510
input count: 10520
input count: 10530
input count: 10540
input count: 10550
[01;32mEvent number = [00m325000
input count: 10560
input count: 10570
input count: 10580
input count: 10590
[01;32mEvent number = [00m326000
input count: 10600
input count: 10610
input count: 10620
[01;32mEvent number = [00m327000
input count: 10630
input count: 10640
input count: 10650
[01;32mEvent number = [00m328000
input count: 10660
input count: 10670
[01;32mEvent number = [00m329000
input count: 10680
input count: 10690
input count: 10700
input count: 10710
[01;32mEvent number = [00m330000
input count: 10720
input count: 10730
input count: 10740
[01;32mEvent number = [00m331000
input count: 10750
input count: 10760
input count: 10770
[01;32mEvent number = [00m332000
input count: 10780
input count: 10790
input count: 10800
input count: 10810
[01;32mEvent number = [00m333000
input count: 10820
input count: 10830
input count: 10840
[01;32mEvent number = [00m334000
input count: 10850
input count: 10860
input count: 10870
[01;32mEvent number = [00m335000
input count: 10880
input count: 10890
input count: 10900
[01;32mEvent number = [00m336000
input count: 10910
input count: 10920
input count: 10930
[01;32mEvent number = [00m337000
input count: 10940
input count: 10950
input count: 10960
input count: 10970
[01;32mEvent number = [00m338000
input count: 10980
input count: 10990
input count: 11000
[01;32mEvent number = [00m339000
input count: 11010
input count: 11020
input count: 11030
[01;32mEvent number = [00m340000
input count: 11040
input count: 11050
input count: 11060
[01;32mEvent number = [00m341000
input count: 11070
input count: 11080
input count: 11090
[01;32mEvent number = [00m342000
input count: 11100
input count: 11110
input count: 11120
input count: 11130
[01;32mEvent number = [00m343000
input count: 11140
input count: 11150
input count: 11160
[01;32mEvent number = [00m344000
input count: 11170
input count: 11180
input count: 11190
[01;32mEvent number = [00m345000
input count: 11200
input count: 11210
input count: 11220
input count: 11230
[01;32mEvent number = [00m346000
input count: 11240
input count: 11250
[01;32mEvent number = [00m347000
input count: 11260
input count: 11270
input count: 11280
input count: 11290
[01;32mEvent number = [00m348000
input count: 11300
input count: 11310
input count: 11320
[01;32mEvent number = [00m349000
input count: 11330
input count: 11340
input count: 11350
[01;32mEvent number = [00m350000
input count: 11360
input count: 11370
input count: 11380
[01;32mEvent number = [00m351000
input count: 11390
input count: 11400
input count: 11410
input count: 11420
[01;32mEvent number = [00m352000
input count: 11430
input count: 11440
input count: 11450
[01;32mEvent number = [00m353000
input count: 11460
input count: 11470
[01;32mEvent number = [00m354000
input count: 11480
input count: 11490
input count: 11500
input count: 11510
input count: 11520
[01;32mEvent number = [00m355000
input count: 11530
input count: 11540
input count: 11550
input count: 11560
[01;32mEvent number = [00m356000
input count: 11570
input count: 11580
[01;32mEvent number = [00m357000
input count: 11590
input count: 11600
input count: 11610
input count: 11620
[01;32mEvent number = [00m358000
input count: 11630
input count: 11640
input count: 11650
[01;32mEvent number = [00m359000
input count: 11660
input count: 11670
input count: 11680
[01;32mEvent number = [00m360000
input count: 11690
input count: 11700
input count: 11710
input count: 11720
[01;32mEvent number = [00m361000
input count: 11730
input count: 11740
input count: 11750
input count: 11760
input count: 11770
[01;32mEvent number = [00m362000
input count: 11780
input count: 11790
[01;32mEvent number = [00m363000
input count: 11800
input count: 11810
input count: 11820
[01;32mEvent number = [00m364000
input count: 11830
input count: 11840
input count: 11850
[01;32mEvent number = [00m365000
input count: 11860
input count: 11870
input count: 11880
[01;32mEvent number = [00m366000
input count: 11890
input count: 11900
input count: 11910
[01;32mEvent number = [00m367000
input count: 11920
input count: 11930
input count: 11940
[01;32mEvent number = [00m368000
input count: 11950
input count: 11960
input count: 11970
[01;32mEvent number = [00m369000
input count: 11980
input count: 11990
input count: 12000
[01;32mEvent number = [00m370000
input count: 12010
input count: 12020
[01;32mEvent number = [00m371000
input count: 12030
input count: 12040
input count: 12050
input count: 12060
[01;32mEvent number = [00m372000
input count: 12070
input count: 12080
input count: 12090
input count: 12100
[01;32mEvent number = [00m373000
input count: 12110
input count: 12120
[01;32mEvent number = [00m374000
input count: 12130
input count: 12140
input count: 12150
[01;32mEvent number = [00m375000
input count: 12160
input count: 12170
input count: 12180
input count: 12190
[01;32mEvent number = [00m376000
input count: 12200
input count: 12210
input count: 12220
[01;32mEvent number = [00m377000
input count: 12230
input count: 12240
input count: 12250
[01;32mEvent number = [00m378000
input count: 12260
input count: 12270
input count: 12280
input count: 12290
[01;32mEvent number = [00m379000
input count: 12300
input count: 12310
input count: 12320
input count: 12330
[01;32mEvent number = [00m380000
input count: 12340
input count: 12350
input count: 12360
input count: 12370
[01;32mEvent number = [00m381000
input count: 12380
input count: 12390
input count: 12400
[01;32mEvent number = [00m382000
input count: 12410
input count: 12420
input count: 12430
[01;32mEvent number = [00m383000
input count: 12440
input count: 12450
input count: 12460
[01;32mEvent number = [00m384000
input count: 12470
input count: 12480
input count: 12490
input count: 12500
[01;32mEvent number = [00m385000
input count: 12510
input count: 12520
input count: 12530
[01;32mEvent number = [00m386000
input count: 12540
input count: 12550
input count: 12560
[01;32mEvent number = [00m387000
input count: 12570
input count: 12580
input count: 12590
[01;32mEvent number = [00m388000
input count: 12600
input count: 12610
input count: 12620
input count: 12630
[01;32mEvent number = [00m389000
input count: 12640
input count: 12650
input count: 12660
[01;32mEvent number = [00m390000
input count: 12670
input count: 12680
input count: 12690
[01;32mEvent number = [00m391000
input count: 12700
input count: 12710
input count: 12720
input count: 12730
input count: 12740
[01;32mEvent number = [00m392000
input count: 12750
input count: 12760
input count: 12770
[01;32mEvent number = [00m393000
input count: 12780
input count: 12790
input count: 12800
[01;32mEvent number = [00m394000
input count: 12810
input count: 12820
input count: 12830
input count: 12840
[01;32mEvent number = [00m395000
input count: 12850
input count: 12860
input count: 12870
[01;32mEvent number = [00m396000
input count: 12880
input count: 12890
input count: 12900
[01;32mEvent number = [00m397000
input count: 12910
input count: 12920
[01;32mEvent number = [00m398000
input count: 12930
input count: 12940
input count: 12950
input count: 12960
[01;32mEvent number = [00m399000
input count: 12970
input count: 12980
[01;32mEvent number = [00m400000
input count: 12990
input count: 13000
input count: 13010
input count: 13020
[01;32mEvent number = [00m401000
input count: 13030
input count: 13040
input count: 13050
[01;32mEvent number = [00m402000
input count: 13060
input count: 13070
[01;32mEvent number = [00m403000
input count: 13080
input count: 13090
input count: 13100
input count: 13110
[01;32mEvent number = [00m404000
input count: 13120
input count: 13130
input count: 13140
[01;32mEvent number = [00m405000
input count: 13150
input count: 13160
input count: 13170
input count: 13180
[01;32mEvent number = [00m406000
input count: 13190
input count: 13200
input count: 13210
input count: 13220
[01;32mEvent number = [00m407000
input count: 13230
input count: 13240
input count: 13250
[01;32mEvent number = [00m408000
input count: 13260
input count: 13270
input count: 13280
[01;32mEvent number = [00m409000
input count: 13290
input count: 13300
input count: 13310
input count: 13320
[01;32mEvent number = [00m410000
input count: 13330
input count: 13340
input count: 13350
[01;32mEvent number = [00m411000
input count: 13360
input count: 13370
input count: 13380
[01;32mEvent number = [00m412000
input count: 13390
input count: 13400
input count: 13410
[01;32mEvent number = [00m413000
input count: 13420
input count: 13430
input count: 13440
[01;32mEvent number = [00m414000
input count: 13450
input count: 13460
input count: 13470
[01;32mEvent number = [00m415000
input count: 13480
input count: 13490
input count: 13500
[01;32mEvent number = [00m416000
input count: 13510
input count: 13520
input count: 13530
input count: 13540
[01;32mEvent number = [00m417000
input count: 13550
input count: 13560
input count: 13570
[01;32mEvent number = [00m418000
input count: 13580
input count: 13590
input count: 13600
[01;32mEvent number = [00m419000
input count: 13610
input count: 13620
input count: 13630
[01;32mEvent number = [00m420000
input count: 13640
input count: 13650
input count: 13660
[01;32mEvent number = [00m421000
input count: 13670
input count: 13680
input count: 13690
input count: 13700
[01;32mEvent number = [00m422000
input count: 13710
input count: 13720
input count: 13730
input count: 13740
[01;32mEvent number = [00m423000
input count: 13750
input count: 13760
[01;32mEvent number = [00m424000
input count: 13770
input count: 13780
input count: 13790
input count: 13800
[01;32mEvent number = [00m425000
input count: 13810
input count: 13820
input count: 13830
[01;32mEvent number = [00m426000
input count: 13840
input count: 13850
input count: 13860
input count: 13870
[01;32mEvent number = [00m427000
input count: 13880
input count: 13890
input count: 13900
input count: 13910
[01;32mEvent number = [00m428000
input count: 13920
input count: 13930
input count: 13940
[01;32mEvent number = [00m429000
input count: 13950
input count: 13960
input count: 13970
[01;32mEvent number = [00m430000
input count: 13980
input count: 13990
input count: 14000
input count: 14010
input count: 14020
[01;32mEvent number = [00m431000
input count: 14030
input count: 14040
input count: 14050
input count: 14060
[01;32mEvent number = [00m432000
input count: 14070
input count: 14080
input count: 14090
[01;32mEvent number = [00m433000
input count: 14100
input count: 14110
input count: 14120
[01;32mEvent number = [00m434000
input count: 14130
input count: 14140
input count: 14150
input count: 14160
input count: 14170
[01;32mEvent number = [00m435000
input count: 14180
input count: 14190
input count: 14200
[01;32mEvent number = [00m436000
input count: 14210
input count: 14220
input count: 14230
input count: 14240
[01;32mEvent number = [00m437000
input count: 14250
input count: 14260
input count: 14270
[01;32mEvent number = [00m438000
input count: 14280
input count: 14290
input count: 14300
[01;32mEvent number = [00m439000
input count: 14310
input count: 14320
input count: 14330
input count: 14340
[01;32mEvent number = [00m440000
input count: 14350
input count: 14360
input count: 14370
input count: 14380
[01;32mEvent number = [00m441000
input count: 14390
input count: 14400
input count: 14410
[01;32mEvent number = [00m442000
input count: 14420
input count: 14430
input count: 14440
[01;32mEvent number = [00m443000
input count: 14450
input count: 14460
input count: 14470
[01;32mEvent number = [00m444000
input count: 14480
input count: 14490
input count: 14500
input count: 14510
[01;32mEvent number = [00m445000
input count: 14520
input count: 14530
input count: 14540
[01;32mEvent number = [00m446000
input count: 14550
input count: 14560
input count: 14570
input count: 14580
[01;32mEvent number = [00m447000
input count: 14590
input count: 14600
input count: 14610
[01;32mEvent number = [00m448000
input count: 14620
input count: 14630
input count: 14640
[01;32mEvent number = [00m449000
input count: 14650
input count: 14660
input count: 14670
[01;32mEvent number = [00m450000
input count: 14680
input count: 14690
input count: 14700
[01;32mEvent number = [00m451000
input count: 14710
input count: 14720
input count: 14730
input count: 14740
[01;32mEvent number = [00m452000
input count: 14750
input count: 14760
input count: 14770
input count: 14780
[01;32mEvent number = [00m453000
input count: 14790
input count: 14800
input count: 14810
[01;32mEvent number = [00m454000
input count: 14820
input count: 14830
input count: 14840
input count: 14850
[01;32mEvent number = [00m455000
input count: 14860
input count: 14870
input count: 14880
[01;32mEvent number = [00m456000
input count: 14890
input count: 14900
input count: 14910
[01;32mEvent number = [00m457000
input count: 14920
input count: 14930
input count: 14940
[01;32mEvent number = [00m458000
input count: 14950
input count: 14960
input count: 14970
[01;32mEvent number = [00m459000
input count: 14980
input count: 14990
input count: 15000
[01;32mEvent number = [00m460000
input count: 15010
input count: 15020
input count: 15030
input count: 15040
[01;32mEvent number = [00m461000
input count: 15050
input count: 15060
input count: 15070
[01;32mEvent number = [00m462000
input count: 15080
input count: 15090
input count: 15100
[01;32mEvent number = [00m463000
input count: 15110
input count: 15120
input count: 15130
input count: 15140
[01;32mEvent number = [00m464000
input count: 15150
input count: 15160
input count: 15170
[01;32mEvent number = [00m465000
input count: 15180
input count: 15190
input count: 15200
[01;32mEvent number = [00m466000
input count: 15210
input count: 15220
input count: 15230
input count: 15240
[01;32mEvent number = [00m467000
input count: 15250
input count: 15260
[01;32mEvent number = [00m468000
input count: 15270
input count: 15280
input count: 15290
input count: 15300
input count: 15310
[01;32mEvent number = [00m469000
input count: 15320
input count: 15330
input count: 15340
[01;32mEvent number = [00m470000
input count: 15350
input count: 15360
input count: 15370
[01;32mEvent number = [00m471000
input count: 15380
input count: 15390
input count: 15400
input count: 15410
[01;32mEvent number = [00m472000
input count: 15420
input count: 15430
input count: 15440
input count: 15450
[01;32mEvent number = [00m473000
input count: 15460
input count: 15470
input count: 15480
[01;32mEvent number = [00m474000
input count: 15490
input count: 15500
input count: 15510
[01;32mEvent number = [00m475000
input count: 15520
input count: 15530
input count: 15540
input count: 15550
[01;32mEvent number = [00m476000
input count: 15560
input count: 15570
input count: 15580
input count: 15590
[01;32mEvent number = [00m477000
input count: 15600
input count: 15610
input count: 15620
[01;32mEvent number = [00m478000
input count: 15630
input count: 15640
input count: 15650
[01;32mEvent number = [00m479000
input count: 15660
input count: 15670
input count: 15680
[01;32mEvent number = [00m480000
input count: 15690
input count: 15700
input count: 15710
input count: 15720
[01;32mEvent number = [00m481000
input count: 15730
input count: 15740
input count: 15750
input count: 15760
[01;32mEvent number = [00m482000
input count: 15770
input count: 15780
input count: 15790
[01;32mEvent number = [00m483000
input count: 15800
input count: 15810
input count: 15820
[01;32mEvent number = [00m484000
input count: 15830
input count: 15840
input count: 15850
[01;32mEvent number = [00m485000
input count: 15860
input count: 15870
[01;32mEvent number = [00m486000
input count: 15880
input count: 15890
input count: 15900
[01;32mEvent number = [00m487000
input count: 15910
input count: 15920
input count: 15930
input count: 15940
[01;32mEvent number = [00m488000
input count: 15950
input count: 15960
input count: 15970
[01;32mEvent number = [00m489000
input count: 15980
input count: 15990
input count: 16000
[01;32mEvent number = [00m490000
input count: 16010
input count: 16020
input count: 16030
[01;32mEvent number = [00m491000
input count: 16040
input count: 16050
input count: 16060
[01;32mEvent number = [00m492000
input count: 16070
input count: 16080
input count: 16090
[01;32mEvent number = [00m493000
input count: 16100
input count: 16110
input count: 16120
[01;32mEvent number = [00m494000
input count: 16130
input count: 16140
input count: 16150
[01;32mEvent number = [00m495000
input count: 16160
input count: 16170
input count: 16180
input count: 16190
[01;32mEvent number = [00m496000
input count: 16200
input count: 16210
input count: 16220
[01;32mEvent number = [00m497000
input count: 16230
input count: 16240
input count: 16250
[01;32mEvent number = [00m498000
input count: 16260
input count: 16270
input count: 16280
[01;32mEvent number = [00m499000
input count: 16290
input count: 16300
input count: 16310
input count: 16320
[01;32mEvent number = [00m500000
input count: 16330
input count: 16340
input count: 16350
[01;32mEvent number = [00m501000
input count: 16360
input count: 16370
[01;32mEvent number = [00m502000
input count: 16380
input count: 16390
input count: 16400
input count: 16410
[01;32mEvent number = [00m503000
input count: 16420
input count: 16430
input count: 16440
[01;32mEvent number = [00m504000
input count: 16450
input count: 16460
input count: 16470
input count: 16480
[01;32mEvent number = [00m505000
input count: 16490
input count: 16500
input count: 16510
[01;32mEvent number = [00m506000
input count: 16520
input count: 16530
input count: 16540
[01;32mEvent number = [00m507000
input count: 16550
input count: 16560
input count: 16570
input count: 16580
[01;32mEvent number = [00m508000
input count: 16590
input count: 16600
input count: 16610
[01;32mEvent number = [00m509000
input count: 16620
input count: 16630
input count: 16640
[01;32mEvent number = [00m510000
input count: 16650
input count: 16660
input count: 16670
input count: 16680
[01;32mEvent number = [00m511000
input count: 16690
input count: 16700
[01;32mEvent number = [00m512000
input count: 16710
input count: 16720
input count: 16730
[01;32mEvent number = [00m513000
input count: 16740
input count: 16750
input count: 16760
[01;32mEvent number = [00m514000
input count: 16770
input count: 16780
input count: 16790
[01;32mEvent number = [00m515000
input count: 16800
input count: 16810
input count: 16820
input count: 16830
[01;32mEvent number = [00m516000
input count: 16840
input count: 16850
input count: 16860
input count: 16870
[01;32mEvent number = [00m517000
input count: 16880
input count: 16890
[01;32mEvent number = [00m518000
input count: 16900
input count: 16910
input count: 16920
[01;32mEvent number = [00m519000
input count: 16930
input count: 16940
input count: 16950
[01;32mEvent number = [00m520000
input count: 16960
input count: 16970
input count: 16980
[01;32mEvent number = [00m521000
input count: 16990
input count: 17000
input count: 17010
input count: 17020
[01;32mEvent number = [00m522000
input count: 17030
input count: 17040
input count: 17050
input count: 17060
[01;32mEvent number = [00m523000
input count: 17070
input count: 17080
[01;32mEvent number = [00m524000
input count: 17090
input count: 17100
input count: 17110
input count: 17120
[01;32mEvent number = [00m525000
input count: 17130
input count: 17140
input count: 17150
[01;32mEvent number = [00m526000
input count: 17160
input count: 17170
input count: 17180
[01;32mEvent number = [00m527000
input count: 17190
input count: 17200
input count: 17210
[01;32mEvent number = [00m528000
input count: 17220
input count: 17230
input count: 17240
[01;32mEvent number = [00m529000
input count: 17250
input count: 17260
[01;32mEvent number = [00m530000
input count: 17270
input count: 17280
input count: 17290
input count: 17300
[01;32mEvent number = [00m531000
input count: 17310
input count: 17320
input count: 17330
[01;32mEvent number = [00m532000
input count: 17340
input count: 17350
[01;32mEvent number = [00m533000
input count: 17360
input count: 17370
input count: 17380
input count: 17390
[01;32mEvent number = [00m534000
input count: 17400
input count: 17410
input count: 17420
[01;32mEvent number = [00m535000
input count: 17430
input count: 17440
input count: 17450
input count: 17460
[01;32mEvent number = [00m536000
input count: 17470
input count: 17480
input count: 17490
[01;32mEvent number = [00m537000
input count: 17500
input count: 17510
[01;32mEvent number = [00m538000
input count: 17520
input count: 17530
input count: 17540
input count: 17550
[01;32mEvent number = [00m539000
input count: 17560
input count: 17570
input count: 17580
[01;32mEvent number = [00m540000
input count: 17590
input count: 17600
input count: 17610
input count: 17620
[01;32mEvent number = [00m541000
input count: 17630
input count: 17640
input count: 17650
input count: 17660
[01;32mEvent number = [00m542000
input count: 17670
input count: 17680
input count: 17690
[01;32mEvent number = [00m543000
input count: 17700
input count: 17710
input count: 17720
[01;32mEvent number = [00m544000
input count: 17730
input count: 17740
input count: 17750
[01;32mEvent number = [00m545000
input count: 17760
input count: 17770
input count: 17780
input count: 17790
[01;32mEvent number = [00m546000
input count: 17800
input count: 17810
input count: 17820
[01;32mEvent number = [00m547000
input count: 17830
input count: 17840
input count: 17850
[01;32mEvent number = [00m548000
input count: 17860
input count: 17870
input count: 17880
[01;32mEvent number = [00m549000
input count: 17890
input count: 17900
input count: 17910
[01;32mEvent number = [00m550000
input count: 17920
input count: 17930
input count: 17940
input count: 17950
[01;32mEvent number = [00m551000
input count: 17960
input count: 17970
[01;32mEvent number = [00m552000
input count: 17980
input count: 17990
input count: 18000
input count: 18010
[01;32mEvent number = [00m553000
input count: 18020
input count: 18030
[01;32mEvent number = [00m554000
input count: 18040
input count: 18050
input count: 18060
[01;32mEvent number = [00m555000
input count: 18070
input count: 18080
input count: 18090
input count: 18100
[01;32mEvent number = [00m556000
input count: 18110
input count: 18120
[01;32mEvent number = [00m557000
input count: 18130
input count: 18140
input count: 18150
input count: 18160
[01;32mEvent number = [00m558000
input count: 18170
input count: 18180
[01;32mEvent number = [00m559000
input count: 18190
input count: 18200
input count: 18210
[01;32mEvent number = [00m560000
input count: 18220
input count: 18230
input count: 18240
[01;32mEvent number = [00m561000
input count: 18250
input count: 18260
input count: 18270
[01;32mEvent number = [00m562000
input count: 18280
input count: 18290
[01;32mEvent number = [00m563000
input count: 18300
input count: 18310
input count: 18320
input count: 18330
[01;32mEvent number = [00m564000
input count: 18340
input count: 18350
input count: 18360
[01;32mEvent number = [00m565000
input count: 18370
input count: 18380
[01;32mEvent number = [00m566000
input count: 18390
input count: 18400
input count: 18410
[01;32mEvent number = [00m567000
input count: 18420
input count: 18430
input count: 18440
input count: 18450
input count: 18460
[01;32mEvent number = [00m568000
input count: 18470
input count: 18480
input count: 18490
[01;32mEvent number = [00m569000
input count: 18500
input count: 18510
input count: 18520
[01;32mEvent number = [00m570000
input count: 18530
input count: 18540
[01;32mEvent number = [00m571000
input count: 18550
input count: 18560
[01;32mEvent number = [00m572000
input count: 18570
input count: 18580
input count: 18590
input count: 18600
input count: 18610
[01;32mEvent number = [00m573000
input count: 18620
input count: 18630
input count: 18640
[01;32mEvent number = [00m574000
input count: 18650
input count: 18660
input count: 18670
input count: 18680
[01;32mEvent number = [00m575000
input count: 18690
input count: 18700
input count: 18710
[01;32mEvent number = [00m576000
input count: 18720
input count: 18730
input count: 18740
[01;32mEvent number = [00m577000
input count: 18750
input count: 18760
input count: 18770
[01;32mEvent number = [00m578000
input count: 18780
input count: 18790
input count: 18800
input count: 18810
[01;32mEvent number = [00m579000
input count: 18820
input count: 18830
input count: 18840
[01;32mEvent number = [00m580000
input count: 18850
input count: 18860
input count: 18870
input count: 18880
[01;32mEvent number = [00m581000
input count: 18890
input count: 18900
input count: 18910
[01;32mEvent number = [00m582000
input count: 18920
input count: 18930
input count: 18940
[01;32mEvent number = [00m583000
input count: 18950
input count: 18960
input count: 18970
[01;32mEvent number = [00m584000
input count: 18980
input count: 18990
input count: 19000
input count: 19010
[01;32mEvent number = [00m585000
input count: 19020
input count: 19030
input count: 19040
[01;32mEvent number = [00m586000
input count: 19050
input count: 19060
input count: 19070
[01;32mEvent number = [00m587000
input count: 19080
input count: 19090
input count: 19100
[01;32mEvent number = [00m588000
input count: 19110
input count: 19120
input count: 19130
[01;32mEvent number = [00m589000
input count: 19140
input count: 19150
input count: 19160
input count: 19170
[01;32mEvent number = [00m590000
input count: 19180
input count: 19190
input count: 19200
[01;32mEvent number = [00m591000
input count: 19210
input count: 19220
input count: 19230
input count: 19240
[01;32mEvent number = [00m592000
input count: 19250
input count: 19260
input count: 19270
[01;32mEvent number = [00m593000
input count: 19280
input count: 19290
input count: 19300
input count: 19310
[01;32mEvent number = [00m594000
input count: 19320
input count: 19330
input count: 19340
[01;32mEvent number = [00m595000
input count: 19350
input count: 19360
input count: 19370
[01;32mEvent number = [00m596000
input count: 19380
input count: 19390
[01;32mEvent number = [00m597000
input count: 19400
input count: 19410
input count: 19420
input count: 19430
[01;32mEvent number = [00m598000
input count: 19440
input count: 19450
input count: 19460
[01;32mEvent number = [00m599000
input count: 19470
input count: 19480
input count: 19490
input count: 19500
[01;32mEvent number = [00m600000
input count: 19510
input count: 19520
input count: 19530
[01;32mEvent number = [00m601000
input count: 19540
input count: 19550
input count: 19560
input count: 19570
[01;32mEvent number = [00m602000
input count: 19580
input count: 19590
[01;32mEvent number = [00m603000
input count: 19600
input count: 19610
input count: 19620
input count: 19630
[01;32mEvent number = [00m604000
input count: 19640
input count: 19650
input count: 19660
input count: 19670
[01;32mEvent number = [00m605000
input count: 19680
input count: 19690
input count: 19700
input count: 19710
[01;32mEvent number = [00m606000
input count: 19720
input count: 19730
input count: 19740
input count: 19750
[01;32mEvent number = [00m607000
input count: 19760
input count: 19770
input count: 19780
[01;32mEvent number = [00m608000
input count: 19790
input count: 19800
[01;32mEvent number = [00m609000
input count: 19810
input count: 19820
input count: 19830
input count: 19840
[01;32mEvent number = [00m610000
input count: 19850
input count: 19860
input count: 19870
input count: 19880
[01;32mEvent number = [00m611000
input count: 19890
input count: 19900
input count: 19910
[01;32mEvent number = [00m612000
input count: 19920
input count: 19930
input count: 19940
[01;32mEvent number = [00m613000
input count: 19950
input count: 19960
input count: 19970
[01;32mEvent number = [00m614000
input count: 19980
input count: 19990
input count: 20000
[01;32mEvent number = [00m615000
input count: 20010
input count: 20020
input count: 20030
input count: 20040
[01;32mEvent number = [00m616000
input count: 20050
input count: 20060
input count: 20070
[01;32mEvent number = [00m617000
input count: 20080
input count: 20090
input count: 20100
input count: 20110
[01;32mEvent number = [00m618000
input count: 20120
input count: 20130
[01;32mEvent number = [00m619000
input count: 20140
input count: 20150
input count: 20160
input count: 20170
[01;32mEvent number = [00m620000
input count: 20180
input count: 20190
input count: 20200
[01;32mEvent number = [00m621000
input count: 20210
input count: 20220
input count: 20230
[01;32mEvent number = [00m622000
input count: 20240
input count: 20250
input count: 20260
input count: 20270
[01;32mEvent number = [00m623000
input count: 20280
input count: 20290
input count: 20300
[01;32mEvent number = [00m624000
input count: 20310
input count: 20320
input count: 20330
input count: 20340
[01;32mEvent number = [00m625000
input count: 20350
input count: 20360
input count: 20370
[01;32mEvent number = [00m626000
input count: 20380
input count: 20390
input count: 20400
input count: 20410
[01;32mEvent number = [00m627000
input count: 20420
input count: 20430
input count: 20440
[01;32mEvent number = [00m628000
input count: 20450
input count: 20460
[01;32mEvent number = [00m629000
input count: 20470
input count: 20480
input count: 20490
input count: 20500
[01;32mEvent number = [00m630000
input count: 20510
input count: 20520
input count: 20530
[01;32mEvent number = [00m631000
input count: 20540
input count: 20550
input count: 20560
[01;32mEvent number = [00m632000
input count: 20570
input count: 20580
input count: 20590
input count: 20600
[01;32mEvent number = [00m633000
input count: 20610
input count: 20620
input count: 20630
input count: 20640
[01;32mEvent number = [00m634000
input count: 20650
input count: 20660
input count: 20670
[01;32mEvent number = [00m635000
input count: 20680
input count: 20690
input count: 20700
input count: 20710
[01;32mEvent number = [00m636000
input count: 20720
input count: 20730
[01;32mEvent number = [00m637000
input count: 20740
input count: 20750
input count: 20760
[01;32mEvent number = [00m638000
input count: 20770
input count: 20780
input count: 20790
input count: 20800
[01;32mEvent number = [00m639000
input count: 20810
input count: 20820
input count: 20830
[01;32mEvent number = [00m640000
input count: 20840
input count: 20850
input count: 20860
[01;32mEvent number = [00m641000
input count: 20870
input count: 20880
input count: 20890
input count: 20900
[01;32mEvent number = [00m642000
input count: 20910
input count: 20920
input count: 20930
[01;32mEvent number = [00m643000
input count: 20940
input count: 20950
input count: 20960
input count: 20970
[01;32mEvent number = [00m644000
input count: 20980
input count: 20990
input count: 21000
[01;32mEvent number = [00m645000
input count: 21010
input count: 21020
[01;32mEvent number = [00m646000
input count: 21030
input count: 21040
input count: 21050
input count: 21060
[01;32mEvent number = [00m647000
input count: 21070
input count: 21080
[01;32mEvent number = [00m648000
input count: 21090
input count: 21100
input count: 21110
input count: 21120
input count: 21130
[01;32mEvent number = [00m649000
input count: 21140
input count: 21150
input count: 21160
[01;32mEvent number = [00m650000
input count: 21170
input count: 21180
input count: 21190
input count: 21200
[01;32mEvent number = [00m651000
input count: 21210
input count: 21220
input count: 21230
input count: 21240
input count: 21250
[01;32mEvent number = [00m652000
input count: 21260
input count: 21270
[01;32mEvent number = [00m653000
input count: 21280
input count: 21290
input count: 21300
[01;32mEvent number = [00m654000
input count: 21310
input count: 21320
input count: 21330
input count: 21340
[01;32mEvent number = [00m655000
input count: 21350
input count: 21360
input count: 21370
input count: 21380
[01;32mEvent number = [00m656000
input count: 21390
input count: 21400
input count: 21410
input count: 21420
[01;32mEvent number = [00m657000
input count: 21430
input count: 21440
input count: 21450
input count: 21460
[01;32mEvent number = [00m658000
input count: 21470
input count: 21480
input count: 21490
input count: 21500
[01;32mEvent number = [00m659000
input count: 21510
input count: 21520
input count: 21530
[01;32mEvent number = [00m660000
input count: 21540
input count: 21550
input count: 21560
[01;32mEvent number = [00m661000
input count: 21570
input count: 21580
input count: 21590
input count: 21600
[01;32mEvent number = [00m662000
input count: 21610
input count: 21620
input count: 21630
[01;32mEvent number = [00m663000
input count: 21640
input count: 21650
input count: 21660
input count: 21670
[01;32mEvent number = [00m664000
input count: 21680
input count: 21690
input count: 21700
[01;32mEvent number = [00m665000
input count: 21710
input count: 21720
input count: 21730
[01;32mEvent number = [00m666000
input count: 21740
input count: 21750
input count: 21760
input count: 21770
[01;32mEvent number = [00m667000
input count: 21780
input count: 21790
input count: 21800
[01;32mEvent number = [00m668000
input count: 21810
input count: 21820
input count: 21830
[01;32mEvent number = [00m669000
input count: 21840
input count: 21850
input count: 21860
[01;32mEvent number = [00m670000
input count: 21870
input count: 21880
input count: 21890
[01;32mEvent number = [00m671000
input count: 21900
input count: 21910
input count: 21920
input count: 21930
[01;32mEvent number = [00m672000
input count: 21940
input count: 21950
[01;32mEvent number = [00m673000
input count: 21960
input count: 21970
input count: 21980
[01;32mEvent number = [00m674000
input count: 21990
input count: 22000
input count: 22010
[01;32mEvent number = [00m675000
input count: 22020
input count: 22030
input count: 22040
[01;32mEvent number = [00m676000
input count: 22050
input count: 22060
input count: 22070
input count: 22080
[01;32mEvent number = [00m677000
input count: 22090
input count: 22100
input count: 22110
input count: 22120
[01;32mEvent number = [00m678000
input count: 22130
input count: 22140
input count: 22150
[01;32mEvent number = [00m679000
input count: 22160
input count: 22170
input count: 22180
[01;32mEvent number = [00m680000
input count: 22190
input count: 22200
[01;32mEvent number = [00m681000
input count: 22210
input count: 22220
input count: 22230
[01;32mEvent number = [00m682000
input count: 22240
input count: 22250
input count: 22260
input count: 22270
[01;32mEvent number = [00m683000
input count: 22280
input count: 22290
[01;32mEvent number = [00m684000
input count: 22300
input count: 22310
input count: 22320
[01;32mEvent number = [00m685000
input count: 22330
input count: 22340
input count: 22350
input count: 22360
[01;32mEvent number = [00m686000
input count: 22370
input count: 22380
[01;32mEvent number = [00m687000
input count: 22390
input count: 22400
input count: 22410
input count: 22420
[01;32mEvent number = [00m688000
input count: 22430
input count: 22440
input count: 22450
[01;32mEvent number = [00m689000
input count: 22460
input count: 22470
[01;32mEvent number = [00m690000
input count: 22480
input count: 22490
input count: 22500
input count: 22510
input count: 22520
[01;32mEvent number = [00m691000
input count: 22530
input count: 22540
input count: 22550
[01;32mEvent number = [00m692000
input count: 22560
input count: 22570
input count: 22580
[01;32mEvent number = [00m693000
input count: 22590
input count: 22600
input count: 22610
input count: 22620
[01;32mEvent number = [00m694000
input count: 22630
input count: 22640
[01;32mEvent number = [00m695000
input count: 22650
input count: 22660
input count: 22670
input count: 22680
[01;32mEvent number = [00m696000
input count: 22690
input count: 22700
input count: 22710
input count: 22720
[01;32mEvent number = [00m697000
input count: 22730
input count: 22740
input count: 22750
input count: 22760
[01;32mEvent number = [00m698000
input count: 22770
input count: 22780
input count: 22790
[01;32mEvent number = [00m699000
input count: 22800
input count: 22810
input count: 22820
input count: 22830
[01;32mEvent number = [00m700000
input count: 22840
input count: 22850
[01;32mEvent number = [00m701000
input count: 22860
input count: 22870
input count: 22880
input count: 22890
[01;32mEvent number = [00m702000
input count: 22900
input count: 22910
input count: 22920
[01;32mEvent number = [00m703000
input count: 22930
input count: 22940
[01;32mEvent number = [00m704000
input count: 22950
input count: 22960
input count: 22970
input count: 22980
[01;32mEvent number = [00m705000
input count: 22990
input count: 23000
input count: 23010
input count: 23020
[01;32mEvent number = [00m706000
input count: 23030
input count: 23040
[01;32mEvent number = [00m707000
input count: 23050
input count: 23060
input count: 23070
[01;32mEvent number = [00m708000
input count: 23080
input count: 23090
input count: 23100
input count: 23110
[01;32mEvent number = [00m709000
input count: 23120
input count: 23130
input count: 23140
input count: 23150
[01;32mEvent number = [00m710000
input count: 23160
input count: 23170
input count: 23180
[01;32mEvent number = [00m711000
input count: 23190
input count: 23200
input count: 23210
input count: 23220
[01;32mEvent number = [00m712000
input count: 23230
input count: 23240
[01;32mEvent number = [00m713000
input count: 23250
input count: 23260
input count: 23270
input count: 23280
[01;32mEvent number = [00m714000
input count: 23290
input count: 23300
input count: 23310
[01;32mEvent number = [00m715000
input count: 23320
input count: 23330
input count: 23340
[01;32mEvent number = [00m716000
input count: 23350
input count: 23360
input count: 23370
[01;32mEvent number = [00m717000
input count: 23380
input count: 23390
[01;32mEvent number = [00m718000
input count: 23400
input count: 23410
input count: 23420
input count: 23430
[01;32mEvent number = [00m719000
input count: 23440
input count: 23450
input count: 23460
[01;32mEvent number = [00m720000
input count: 23470
input count: 23480
input count: 23490
input count: 23500
[01;32mEvent number = [00m721000
input count: 23510
input count: 23520
input count: 23530
input count: 23540
[01;32mEvent number = [00m722000
input count: 23550
input count: 23560
input count: 23570
[01;32mEvent number = [00m723000
input count: 23580
input count: 23590
[01;32mEvent number = [00m724000
input count: 23600
input count: 23610
input count: 23620
input count: 23630
[01;32mEvent number = [00m725000
input count: 23640
input count: 23650
input count: 23660
input count: 23670
[01;32mEvent number = [00m726000
input count: 23680
input count: 23690
input count: 23700
[01;32mEvent number = [00m727000
input count: 23710
input count: 23720
input count: 23730
[01;32mEvent number = [00m728000
input count: 23740
input count: 23750
input count: 23760
input count: 23770
[01;32mEvent number = [00m729000
input count: 23780
input count: 23790
input count: 23800
[01;32mEvent number = [00m730000
input count: 23810
input count: 23820
input count: 23830
[01;32mEvent number = [00m731000
input count: 23840
input count: 23850
input count: 23860
[01;32mEvent number = [00m732000
input count: 23870
input count: 23880
input count: 23890
[01;32mEvent number = [00m733000
input count: 23900
input count: 23910
input count: 23920
[01;32mEvent number = [00m734000
input count: 23930
input count: 23940
input count: 23950
input count: 23960
[01;32mEvent number = [00m735000
input count: 23970
input count: 23980
input count: 23990
input count: 24000
[01;32mEvent number = [00m736000
input count: 24010
input count: 24020
input count: 24030
[01;32mEvent number = [00m737000
input count: 24040
input count: 24050
input count: 24060
input count: 24070
[01;32mEvent number = [00m738000
input count: 24080
input count: 24090
input count: 24100
[01;32mEvent number = [00m739000
input count: 24110
input count: 24120
input count: 24130
[01;32mEvent number = [00m740000
input count: 24140
input count: 24150
input count: 24160
[01;32mEvent number = [00m741000
input count: 24170
input count: 24180
input count: 24190
input count: 24200
[01;32mEvent number = [00m742000
input count: 24210
input count: 24220
input count: 24230
[01;32mEvent number = [00m743000
input count: 24240
input count: 24250
input count: 24260
[01;32mEvent number = [00m744000
input count: 24270
input count: 24280
[01;32mEvent number = [00m745000
input count: 24290
input count: 24300
input count: 24310
input count: 24320
[01;32mEvent number = [00m746000
input count: 24330
input count: 24340
input count: 24350
[01;32mEvent number = [00m747000
input count: 24360
input count: 24370
input count: 24380
input count: 24390
[01;32mEvent number = [00m748000
input count: 24400
input count: 24410
input count: 24420
[01;32mEvent number = [00m749000
input count: 24430
input count: 24440
input count: 24450
[01;32mEvent number = [00m750000
input count: 24460
input count: 24470
input count: 24480
[01;32mEvent number = [00m751000
input count: 24490
input count: 24500
input count: 24510
input count: 24520
[01;32mEvent number = [00m752000
input count: 24530
input count: 24540
input count: 24550
input count: 24560
[01;32mEvent number = [00m753000
input count: 24570
input count: 24580
input count: 24590
input count: 24600
[01;32mEvent number = [00m754000
input count: 24610
input count: 24620
input count: 24630
[01;32mEvent number = [00m755000
input count: 24640
input count: 24650
[01;32mEvent number = [00m756000
input count: 24660
input count: 24670
input count: 24680
[01;32mEvent number = [00m757000
input count: 24690
input count: 24700
[01;32mEvent number = [00m758000
input count: 24710
OUTPUT: 
TTJets_MuMC_20170429_Ntuple_6_Anal.root
TTJets_MuMC_20170429_Ntuple_6_Anal.root_debug.txt

DONE
Mon May  1 15:54:22 CEST 2017
