000 (212160.000.000) 05/01 15:34:40 Job submitted from host: <128.142.196.38:9618?addrs=128.142.196.38-9618+[2001-1458-301-e2--100-20]-9618&noUDP&sock=15026_2a27_91>
...
001 (212160.000.000) 05/01 15:36:28 Job executing on host: <188.185.182.54:9618?addrs=188.185.182.54-9618+[--1]-9618&noUDP&sock=13688_aa0e_3>
...
006 (212160.000.000) 05/01 15:36:36 Image size of job updated: 928
	1  -  MemoryUsage of job (MB)
	928  -  ResidentSetSize of job (KB)
...
006 (212160.000.000) 05/01 15:41:36 Image size of job updated: 161420
	147  -  MemoryUsage of job (MB)
	150056  -  ResidentSetSize of job (KB)
...
006 (212160.000.000) 05/01 15:46:38 Image size of job updated: 172472
	158  -  MemoryUsage of job (MB)
	161104  -  ResidentSetSize of job (KB)
...
005 (212160.000.000) 05/01 15:54:22 Job terminated.
	(1) Normal termination (return value 0)
		Usr 0 00:01:46, Sys 0 00:00:07  -  Run Remote Usage
		Usr 0 00:00:00, Sys 0 00:00:00  -  Run Local Usage
		Usr 0 00:01:46, Sys 0 00:00:07  -  Total Remote Usage
		Usr 0 00:00:00, Sys 0 00:00:00  -  Total Local Usage
	78099  -  Run Bytes Sent By Job
	10745  -  Run Bytes Received By Job
	78099  -  Total Bytes Sent By Job
	10745  -  Total Bytes Received By Job
	Partitionable Resources :    Usage  Request Allocated
	   Cpus                 :                 1         1
	   Disk (KB)            :    74370        2     12519
	   Memory (MB)          :      158     2000      2000
...
