000 (212155.000.000) 05/01 15:34:33 Job submitted from host: <128.142.196.38:9618?addrs=128.142.196.38-9618+[2001-1458-301-e2--100-20]-9618&noUDP&sock=15026_2a27_91>
...
001 (212155.000.000) 05/01 15:36:22 Job executing on host: <188.185.24.38:9618?addrs=188.185.24.38-9618+[--1]-9618&noUDP&sock=2155_0b16_3>
...
006 (212155.000.000) 05/01 15:36:30 Image size of job updated: 952
	1  -  MemoryUsage of job (MB)
	952  -  ResidentSetSize of job (KB)
...
006 (212155.000.000) 05/01 15:37:27 Image size of job updated: 728300
	1  -  MemoryUsage of job (MB)
	952  -  ResidentSetSize of job (KB)
...
005 (212155.000.000) 05/01 15:37:28 Job terminated.
	(1) Normal termination (return value 0)
		Usr 0 00:00:01, Sys 0 00:00:01  -  Run Remote Usage
		Usr 0 00:00:00, Sys 0 00:00:00  -  Run Local Usage
		Usr 0 00:00:01, Sys 0 00:00:01  -  Total Remote Usage
		Usr 0 00:00:00, Sys 0 00:00:00  -  Total Local Usage
	2407  -  Run Bytes Sent By Job
	10745  -  Run Bytes Received By Job
	2407  -  Total Bytes Sent By Job
	10745  -  Total Bytes Received By Job
	Partitionable Resources :    Usage  Request Allocated
	   Cpus                 :                 1         1
	   Disk (KB)            :     2682        2     19294
	   Memory (MB)          :        1     2000      2000
...
