000 (212156.000.000) 05/01 15:34:34 Job submitted from host: <128.142.196.38:9618?addrs=128.142.196.38-9618+[2001-1458-301-e2--100-20]-9618&noUDP&sock=15026_2a27_91>
...
001 (212156.000.000) 05/01 15:36:21 Job executing on host: <188.185.249.42:9618?addrs=188.185.249.42-9618+[--1]-9618&noUDP&sock=9136_6dbc_3>
...
006 (212156.000.000) 05/01 15:36:30 Image size of job updated: 940
	1  -  MemoryUsage of job (MB)
	940  -  ResidentSetSize of job (KB)
...
006 (212156.000.000) 05/01 15:41:31 Image size of job updated: 168596
	154  -  MemoryUsage of job (MB)
	157232  -  ResidentSetSize of job (KB)
...
006 (212156.000.000) 05/01 15:46:31 Image size of job updated: 168680
	154  -  MemoryUsage of job (MB)
	157312  -  ResidentSetSize of job (KB)
...
006 (212156.000.000) 05/01 16:01:32 Image size of job updated: 180064
	165  -  MemoryUsage of job (MB)
	168696  -  ResidentSetSize of job (KB)
...
006 (212156.000.000) 05/01 16:06:33 Image size of job updated: 180064
	165  -  MemoryUsage of job (MB)
	168736  -  ResidentSetSize of job (KB)
...
005 (212156.000.000) 05/01 16:14:16 Job terminated.
	(1) Normal termination (return value 0)
		Usr 0 00:01:54, Sys 0 00:00:09  -  Run Remote Usage
		Usr 0 00:00:00, Sys 0 00:00:00  -  Run Local Usage
		Usr 0 00:01:54, Sys 0 00:00:09  -  Total Remote Usage
		Usr 0 00:00:00, Sys 0 00:00:00  -  Total Local Usage
	89362  -  Run Bytes Sent By Job
	10745  -  Run Bytes Received By Job
	89362  -  Total Bytes Sent By Job
	10745  -  Total Bytes Received By Job
	Partitionable Resources :    Usage  Request Allocated
	   Cpus                 :                 1         1
	   Disk (KB)            :    74389        2     20320
	   Memory (MB)          :      165     2000      2000
...
