000 (212162.000.000) 05/01 15:34:42 Job submitted from host: <128.142.196.38:9618?addrs=128.142.196.38-9618+[2001-1458-301-e2--100-20]-9618&noUDP&sock=15026_2a27_91>
...
001 (212162.000.000) 05/01 15:36:28 Job executing on host: <188.185.200.42:9618?addrs=188.185.200.42-9618+[--1]-9618&noUDP&sock=3169_e086_3>
...
006 (212162.000.000) 05/01 15:36:36 Image size of job updated: 928
	1  -  MemoryUsage of job (MB)
	928  -  ResidentSetSize of job (KB)
...
006 (212162.000.000) 05/01 15:41:36 Image size of job updated: 162040
	148  -  MemoryUsage of job (MB)
	150720  -  ResidentSetSize of job (KB)
...
006 (212162.000.000) 05/01 15:46:37 Image size of job updated: 179240
	164  -  MemoryUsage of job (MB)
	167916  -  ResidentSetSize of job (KB)
...
006 (212162.000.000) 05/01 15:51:38 Image size of job updated: 179240
	165  -  MemoryUsage of job (MB)
	167940  -  ResidentSetSize of job (KB)
...
006 (212162.000.000) 05/01 16:31:44 Image size of job updated: 184252
	170  -  MemoryUsage of job (MB)
	173160  -  ResidentSetSize of job (KB)
...
006 (212162.000.000) 05/01 16:36:44 Image size of job updated: 184252
	170  -  MemoryUsage of job (MB)
	173404  -  ResidentSetSize of job (KB)
...
005 (212162.000.000) 05/01 16:40:16 Job terminated.
	(1) Normal termination (return value 0)
		Usr 0 00:03:57, Sys 0 00:00:22  -  Run Remote Usage
		Usr 0 00:00:00, Sys 0 00:00:00  -  Run Local Usage
		Usr 0 00:03:57, Sys 0 00:00:22  -  Total Remote Usage
		Usr 0 00:00:00, Sys 0 00:00:00  -  Total Local Usage
	99498  -  Run Bytes Sent By Job
	10745  -  Run Bytes Received By Job
	99498  -  Total Bytes Sent By Job
	10745  -  Total Bytes Received By Job
	Partitionable Resources :    Usage  Request Allocated
	   Cpus                 :                 1         1
	   Disk (KB)            :    74405        2     23837
	   Memory (MB)          :      170     2000      2000
...
