000 (212159.000.000) 05/01 15:34:38 Job submitted from host: <128.142.196.38:9618?addrs=128.142.196.38-9618+[2001-1458-301-e2--100-20]-9618&noUDP&sock=15026_2a27_91>
...
001 (212159.000.000) 05/01 15:36:28 Job executing on host: <188.185.189.221:9618?addrs=188.185.189.221-9618+[--1]-9618&noUDP&sock=11577_c06a_3>
...
006 (212159.000.000) 05/01 15:36:36 Image size of job updated: 952
	1  -  MemoryUsage of job (MB)
	952  -  ResidentSetSize of job (KB)
...
006 (212159.000.000) 05/01 15:41:36 Image size of job updated: 175064
	160  -  MemoryUsage of job (MB)
	163744  -  ResidentSetSize of job (KB)
...
006 (212159.000.000) 05/01 16:06:39 Image size of job updated: 177708
	163  -  MemoryUsage of job (MB)
	166384  -  ResidentSetSize of job (KB)
...
006 (212159.000.000) 05/01 16:26:41 Image size of job updated: 177988
	163  -  MemoryUsage of job (MB)
	166720  -  ResidentSetSize of job (KB)
...
005 (212159.000.000) 05/01 16:29:30 Job terminated.
	(1) Normal termination (return value 0)
		Usr 0 00:03:26, Sys 0 00:00:17  -  Run Remote Usage
		Usr 0 00:00:00, Sys 0 00:00:00  -  Run Local Usage
		Usr 0 00:03:26, Sys 0 00:00:17  -  Total Remote Usage
		Usr 0 00:00:00, Sys 0 00:00:00  -  Total Local Usage
	121793  -  Run Bytes Sent By Job
	10745  -  Run Bytes Received By Job
	121793  -  Total Bytes Sent By Job
	10745  -  Total Bytes Received By Job
	Partitionable Resources :    Usage  Request Allocated
	   Cpus                 :                 1         1
	   Disk (KB)            :    74411        2     24468
	   Memory (MB)          :      163     2000      2000
...
